<?xml version="1.0" encoding="UTF-8"?>
<TestRun id="8c0e7cbd-9a97-43d3-bac3-9c9e64264943" name="Dylan@DYLAN-TOSH 2012-01-31 09:47:40" runUser="Dylan-TOSH\Dylan" xmlns="http://microsoft.com/schemas/VisualStudio/TeamTest/2010">
  <TestSettings name="Local" id="e7688cbf-d5d3-4362-b9f1-00c4f0151b9f">
    <Description>These are default test settings for a local test run.</Description>
    <Deployment userDeploymentRoot="C:\Users\Dylan\documents\visual studio 2010\Projects\Calculator\TestResults" useDefaultDeploymentRoot="false" enabled="false" runDeploymentRoot="Dylan_DYLAN-TOSH 2012-01-31 09_47_40">
      <DeploymentItem filename="C:\Users\Dylan\documents\visual studio 2010\Projects\Calculator\Calculator\bin\Debug\Calculator.exe" />
    </Deployment>
    <Execution>
      <TestTypeSpecific />
      <AgentRule name="Execution Agents">
      </AgentRule>
    </Execution>
  </TestSettings>
  <Times creation="2012-01-31T09:47:40.1287232+00:00" queuing="2012-01-31T09:47:41.5171256+00:00" start="2012-01-31T09:47:41.5951257+00:00" finish="2012-01-31T09:48:02.2697785+00:00" />
  <ResultSummary outcome="Error">
    <Counters total="2" executed="1" error="0" failed="0" timeout="0" aborted="1" inconclusive="0" passedButRunAborted="0" notRunnable="0" notExecuted="1" disconnected="0" warning="0" passed="0" completed="0" inProgress="0" pending="0" />
    <RunInfos>
      <RunInfo computerName="DYLAN-TOSH" outcome="Warning" timestamp="2012-01-31T09:47:40.1755232+00:00">
        <Text>Deployment is currently disabled. The deployment item 'Calculator.exe' on test 'CalculatorTests.Form1Test.equals_ClickTest' was not deployed.</Text>
      </RunInfo>
      <RunInfo computerName="DYLAN-TOSH" outcome="Error" timestamp="2012-01-31T09:48:02.2677783+00:00">
        <Text>Test host process exited unexpectedly.</Text>
      </RunInfo>
    </RunInfos>
  </ResultSummary>
  <TestDefinitions>
    <UnitTest name="equals_ClickTest" storage="c:\users\dylan\documents\visual studio 2010\projects\calculator\calculatortests\bin\debug\calculatortests.dll" id="3f7ec328-12a9-5455-4a30-34a04c60e362">
      <DeploymentItems>
        <DeploymentItem filename="Calculator.exe" />
      </DeploymentItems>
      <Execution id="ec9ccc7c-5ff6-45e5-9c6a-9f3a246d06ad" />
      <TestMethod codeBase="C:/Users/Dylan/documents/visual studio 2010/Projects/Calculator/CalculatorTests/bin/Debug/CalculatorTests.DLL" adapterTypeName="Microsoft.VisualStudio.TestTools.TestTypes.Unit.UnitTestAdapter, Microsoft.VisualStudio.QualityTools.Tips.UnitTest.Adapter, Version=10.0.0.0, Culture=neutral, PublicKeyToken=b03f5f7f11d50a3a" className="CalculatorTests.Form1Test, CalculatorTests, Version=1.0.0.0, Culture=neutral, PublicKeyToken=null" name="equals_ClickTest" />
    </UnitTest>
    <UnitTest name="add_ClickTest" storage="c:\users\dylan\documents\visual studio 2010\projects\calculator\calculatortests\bin\debug\calculatortests.dll" id="809b95bd-8577-0d29-5a9e-032142f45f9d">
      <DeploymentItems>
        <DeploymentItem filename="Calculator.exe" />
      </DeploymentItems>
      <Execution id="2987432f-9ff2-421b-a790-45617d5ec822" />
      <TestMethod codeBase="C:/Users/Dylan/documents/visual studio 2010/Projects/Calculator/CalculatorTests/bin/Debug/CalculatorTests.DLL" adapterTypeName="Microsoft.VisualStudio.TestTools.TestTypes.Unit.UnitTestAdapter, Microsoft.VisualStudio.QualityTools.Tips.UnitTest.Adapter, Version=10.0.0.0, Culture=neutral, PublicKeyToken=b03f5f7f11d50a3a" className="CalculatorTests.Form1Test, CalculatorTests, Version=1.0.0.0, Culture=neutral, PublicKeyToken=null" name="add_ClickTest" />
    </UnitTest>
  </TestDefinitions>
  <TestLists>
    <TestList name="Results Not in a List" id="8c84fa94-04c1-424b-9868-57a2d4851a1d" />
    <TestList name="All Loaded Results" id="19431567-8539-422a-85d7-44ee4e166bda" />
  </TestLists>
  <TestEntries>
    <TestEntry testId="3f7ec328-12a9-5455-4a30-34a04c60e362" executionId="ec9ccc7c-5ff6-45e5-9c6a-9f3a246d06ad" testListId="8c84fa94-04c1-424b-9868-57a2d4851a1d" />
    <TestEntry testId="809b95bd-8577-0d29-5a9e-032142f45f9d" executionId="2987432f-9ff2-421b-a790-45617d5ec822" testListId="8c84fa94-04c1-424b-9868-57a2d4851a1d" />
  </TestEntries>
  <Results>
    <UnitTestResult executionId="ec9ccc7c-5ff6-45e5-9c6a-9f3a246d06ad" testId="3f7ec328-12a9-5455-4a30-34a04c60e362" testName="equals_ClickTest" computerName="DYLAN-TOSH" duration="00:00:20.5966526" startTime="2012-01-31T09:47:41.6731259+00:00" endTime="2012-01-31T09:48:02.2697785+00:00" testType="13cdc9d9-ddb5-4fa4-a97d-d965ccfc6d4b" outcome="Aborted" testListId="8c84fa94-04c1-424b-9868-57a2d4851a1d" relativeResultsDirectory="ec9ccc7c-5ff6-45e5-9c6a-9f3a246d06ad">
    </UnitTestResult>
    <UnitTestResult executionId="2987432f-9ff2-421b-a790-45617d5ec822" testId="809b95bd-8577-0d29-5a9e-032142f45f9d" testName="add_ClickTest" computerName="DYLAN-TOSH" testType="13cdc9d9-ddb5-4fa4-a97d-d965ccfc6d4b" outcome="NotExecuted" testListId="8c84fa94-04c1-424b-9868-57a2d4851a1d" relativeResultsDirectory="2987432f-9ff2-421b-a790-45617d5ec822">
    </UnitTestResult>
  </Results>
</TestRun>