<?xml version="1.0" encoding="UTF-8"?>
<TestRun id="8ea4a291-6fbc-45fb-9521-1f132ce9d512" name="Dylan@DYLAN-TOSH 2012-02-01 12:05:15" runUser="Dylan-TOSH\Dylan" xmlns="http://microsoft.com/schemas/VisualStudio/TeamTest/2010">
  <TestSettings name="Default Test Settings" id="6a89d58d-64b1-4c1c-a5fd-fd4d66681cfe">
    <Deployment runDeploymentRoot="Dylan_DYLAN-TOSH 2012-02-01 12_05_15">
      <DeploymentItem filename="C:\Users\Dylan\Documents\Visual Studio 2010\Projects\CalculatorRepo\Calculator\bin\Debug\Calculator.exe" />
    </Deployment>
    <Execution>
      <TestTypeSpecific />
      <AgentRule name="Execution Agents">
      </AgentRule>
    </Execution>
  </TestSettings>
  <Times creation="2012-02-01T12:05:15.3304219+00:00" queuing="2012-02-01T12:05:15.5332222+00:00" start="2012-02-01T12:05:15.5488223+00:00" finish="2012-02-01T12:05:16.0636232+00:00" />
  <ResultSummary outcome="Completed">
    <Counters total="5" executed="5" passed="5" error="0" failed="0" timeout="0" aborted="0" inconclusive="0" passedButRunAborted="0" notRunnable="0" notExecuted="0" disconnected="0" warning="0" completed="0" inProgress="0" pending="0" />
  </ResultSummary>
  <TestDefinitions>
    <UnitTest name="TestDivideMethod" storage="c:\users\dylan\documents\visual studio 2010\projects\calculatorrepo\calculatortest\bin\debug\calculatortest.dll" id="3a99b09a-7642-5df7-aaf9-26c4b9868627">
      <Execution id="94e2a828-6385-4cdc-be4c-8f90275c3b56" />
      <TestMethod codeBase="C:/Users/Dylan/Documents/Visual Studio 2010/Projects/CalculatorRepo/CalculatorTest/bin/Debug/CalculatorTest.DLL" adapterTypeName="Microsoft.VisualStudio.TestTools.TestTypes.Unit.UnitTestAdapter, Microsoft.VisualStudio.QualityTools.Tips.UnitTest.Adapter, Version=10.0.0.0, Culture=neutral, PublicKeyToken=b03f5f7f11d50a3a" className="CalculatorTest.CalcTest, CalculatorTest, Version=1.0.0.0, Culture=neutral, PublicKeyToken=null" name="TestDivideMethod" />
    </UnitTest>
    <UnitTest name="TestEmptyString" storage="c:\users\dylan\documents\visual studio 2010\projects\calculatorrepo\calculatortest\bin\debug\calculatortest.dll" id="a25d280d-4293-61e3-65de-468b3b0f9c79">
      <Execution id="c42a187a-a511-4f73-9e62-377130a28148" />
      <TestMethod codeBase="C:/Users/Dylan/Documents/Visual Studio 2010/Projects/CalculatorRepo/CalculatorTest/bin/Debug/CalculatorTest.DLL" adapterTypeName="Microsoft.VisualStudio.TestTools.TestTypes.Unit.UnitTestAdapter, Microsoft.VisualStudio.QualityTools.Tips.UnitTest.Adapter, Version=10.0.0.0, Culture=neutral, PublicKeyToken=b03f5f7f11d50a3a" className="CalculatorTest.CalcTest, CalculatorTest, Version=1.0.0.0, Culture=neutral, PublicKeyToken=null" name="TestEmptyString" />
    </UnitTest>
    <UnitTest name="TestSubtractMethod" storage="c:\users\dylan\documents\visual studio 2010\projects\calculatorrepo\calculatortest\bin\debug\calculatortest.dll" id="f55850c3-82e2-aca8-5368-dd9badfe41ad">
      <Execution id="e36d95f6-9e53-4ac4-827a-97b679dc2e9d" />
      <TestMethod codeBase="C:/Users/Dylan/Documents/Visual Studio 2010/Projects/CalculatorRepo/CalculatorTest/bin/Debug/CalculatorTest.DLL" adapterTypeName="Microsoft.VisualStudio.TestTools.TestTypes.Unit.UnitTestAdapter, Microsoft.VisualStudio.QualityTools.Tips.UnitTest.Adapter, Version=10.0.0.0, Culture=neutral, PublicKeyToken=b03f5f7f11d50a3a" className="CalculatorTest.CalcTest, CalculatorTest, Version=1.0.0.0, Culture=neutral, PublicKeyToken=null" name="TestSubtractMethod" />
    </UnitTest>
    <UnitTest name="TestMultiplymethod" storage="c:\users\dylan\documents\visual studio 2010\projects\calculatorrepo\calculatortest\bin\debug\calculatortest.dll" id="ba2bc092-55c2-58ef-915c-329fad736577">
      <Execution id="40ca835b-b009-4139-bbf9-8a4378e8cf53" />
      <TestMethod codeBase="C:/Users/Dylan/Documents/Visual Studio 2010/Projects/CalculatorRepo/CalculatorTest/bin/Debug/CalculatorTest.DLL" adapterTypeName="Microsoft.VisualStudio.TestTools.TestTypes.Unit.UnitTestAdapter, Microsoft.VisualStudio.QualityTools.Tips.UnitTest.Adapter, Version=10.0.0.0, Culture=neutral, PublicKeyToken=b03f5f7f11d50a3a" className="CalculatorTest.CalcTest, CalculatorTest, Version=1.0.0.0, Culture=neutral, PublicKeyToken=null" name="TestMultiplymethod" />
    </UnitTest>
    <UnitTest name="TestAdditionMethod" storage="c:\users\dylan\documents\visual studio 2010\projects\calculatorrepo\calculatortest\bin\debug\calculatortest.dll" id="372d0f80-80d9-771c-d909-9df1d51ccd5e">
      <Execution id="63ee0062-dd5c-4c47-b8dc-02d99f9a88a8" />
      <TestMethod codeBase="C:/Users/Dylan/Documents/Visual Studio 2010/Projects/CalculatorRepo/CalculatorTest/bin/Debug/CalculatorTest.DLL" adapterTypeName="Microsoft.VisualStudio.TestTools.TestTypes.Unit.UnitTestAdapter, Microsoft.VisualStudio.QualityTools.Tips.UnitTest.Adapter, Version=10.0.0.0, Culture=neutral, PublicKeyToken=b03f5f7f11d50a3a" className="CalculatorTest.CalcTest, CalculatorTest, Version=1.0.0.0, Culture=neutral, PublicKeyToken=null" name="TestAdditionMethod" />
    </UnitTest>
  </TestDefinitions>
  <TestLists>
    <TestList name="Results Not in a List" id="8c84fa94-04c1-424b-9868-57a2d4851a1d" />
    <TestList name="All Loaded Results" id="19431567-8539-422a-85d7-44ee4e166bda" />
  </TestLists>
  <TestEntries>
    <TestEntry testId="372d0f80-80d9-771c-d909-9df1d51ccd5e" executionId="63ee0062-dd5c-4c47-b8dc-02d99f9a88a8" testListId="8c84fa94-04c1-424b-9868-57a2d4851a1d" />
    <TestEntry testId="3a99b09a-7642-5df7-aaf9-26c4b9868627" executionId="94e2a828-6385-4cdc-be4c-8f90275c3b56" testListId="8c84fa94-04c1-424b-9868-57a2d4851a1d" />
    <TestEntry testId="a25d280d-4293-61e3-65de-468b3b0f9c79" executionId="c42a187a-a511-4f73-9e62-377130a28148" testListId="8c84fa94-04c1-424b-9868-57a2d4851a1d" />
    <TestEntry testId="ba2bc092-55c2-58ef-915c-329fad736577" executionId="40ca835b-b009-4139-bbf9-8a4378e8cf53" testListId="8c84fa94-04c1-424b-9868-57a2d4851a1d" />
    <TestEntry testId="f55850c3-82e2-aca8-5368-dd9badfe41ad" executionId="e36d95f6-9e53-4ac4-827a-97b679dc2e9d" testListId="8c84fa94-04c1-424b-9868-57a2d4851a1d" />
  </TestEntries>
  <Results>
    <UnitTestResult executionId="63ee0062-dd5c-4c47-b8dc-02d99f9a88a8" testId="372d0f80-80d9-771c-d909-9df1d51ccd5e" testName="TestAdditionMethod" computerName="DYLAN-TOSH" duration="00:00:00.0356255" startTime="2012-02-01T12:05:15.5956224+00:00" endTime="2012-02-01T12:05:15.9388230+00:00" testType="13cdc9d9-ddb5-4fa4-a97d-d965ccfc6d4b" outcome="Passed" testListId="8c84fa94-04c1-424b-9868-57a2d4851a1d" relativeResultsDirectory="63ee0062-dd5c-4c47-b8dc-02d99f9a88a8">
    </UnitTestResult>
    <UnitTestResult executionId="94e2a828-6385-4cdc-be4c-8f90275c3b56" testId="3a99b09a-7642-5df7-aaf9-26c4b9868627" testName="TestDivideMethod" computerName="DYLAN-TOSH" duration="00:00:00.0071643" startTime="2012-02-01T12:05:15.9544230+00:00" endTime="2012-02-01T12:05:15.9700230+00:00" testType="13cdc9d9-ddb5-4fa4-a97d-d965ccfc6d4b" outcome="Passed" testListId="8c84fa94-04c1-424b-9868-57a2d4851a1d" relativeResultsDirectory="94e2a828-6385-4cdc-be4c-8f90275c3b56">
    </UnitTestResult>
    <UnitTestResult executionId="c42a187a-a511-4f73-9e62-377130a28148" testId="a25d280d-4293-61e3-65de-468b3b0f9c79" testName="TestEmptyString" computerName="DYLAN-TOSH" duration="00:00:00.0021697" startTime="2012-02-01T12:05:15.9700230+00:00" endTime="2012-02-01T12:05:15.9700230+00:00" testType="13cdc9d9-ddb5-4fa4-a97d-d965ccfc6d4b" outcome="Passed" testListId="8c84fa94-04c1-424b-9868-57a2d4851a1d" relativeResultsDirectory="c42a187a-a511-4f73-9e62-377130a28148">
    </UnitTestResult>
    <UnitTestResult executionId="40ca835b-b009-4139-bbf9-8a4378e8cf53" testId="ba2bc092-55c2-58ef-915c-329fad736577" testName="TestMultiplymethod" computerName="DYLAN-TOSH" duration="00:00:00.0108976" startTime="2012-02-01T12:05:15.9856230+00:00" endTime="2012-02-01T12:05:16.0168231+00:00" testType="13cdc9d9-ddb5-4fa4-a97d-d965ccfc6d4b" outcome="Passed" testListId="8c84fa94-04c1-424b-9868-57a2d4851a1d" relativeResultsDirectory="40ca835b-b009-4139-bbf9-8a4378e8cf53">
    </UnitTestResult>
    <UnitTestResult executionId="e36d95f6-9e53-4ac4-827a-97b679dc2e9d" testId="f55850c3-82e2-aca8-5368-dd9badfe41ad" testName="TestSubtractMethod" computerName="DYLAN-TOSH" duration="00:00:00.0020880" startTime="2012-02-01T12:05:16.0324231+00:00" endTime="2012-02-01T12:05:16.0324231+00:00" testType="13cdc9d9-ddb5-4fa4-a97d-d965ccfc6d4b" outcome="Passed" testListId="8c84fa94-04c1-424b-9868-57a2d4851a1d" relativeResultsDirectory="e36d95f6-9e53-4ac4-827a-97b679dc2e9d">
    </UnitTestResult>
  </Results>
</TestRun>