<?xml version="1.0" encoding="UTF-8"?>
<TestRun id="d0db0f7a-d141-4c22-baa7-0400f6690bab" name="Dylan@DYLAN-TOSH 2012-01-31 12:32:42" runUser="Dylan-TOSH\Dylan" xmlns="http://microsoft.com/schemas/VisualStudio/TeamTest/2010">
  <TestSettings name="Local" id="e7688cbf-d5d3-4362-b9f1-00c4f0151b9f">
    <Description>These are default test settings for a local test run.</Description>
    <Deployment enabled="false" runDeploymentRoot="Dylan_DYLAN-TOSH 2012-01-31 12_32_42">
      <DeploymentItem filename="C:\Users\Dylan\documents\visual studio 2010\Projects\Calculator\Calculator\bin\Debug\Calculator.exe" />
    </Deployment>
    <Execution>
      <TestTypeSpecific />
      <AgentRule name="Execution Agents">
      </AgentRule>
    </Execution>
  </TestSettings>
  <Times creation="2012-01-31T12:32:42.0538930+00:00" queuing="2012-01-31T12:32:42.9549402+00:00" start="2012-01-31T12:32:43.0099433+00:00" finish="2012-01-31T12:32:44.0741982+00:00" />
  <ResultSummary outcome="Completed">
    <Counters total="3" executed="3" passed="3" error="0" failed="0" timeout="0" aborted="0" inconclusive="0" passedButRunAborted="0" notRunnable="0" notExecuted="0" disconnected="0" warning="0" completed="0" inProgress="0" pending="0" />
  </ResultSummary>
  <TestDefinitions>
    <UnitTest name="TestDivideMethod" storage="c:\users\dylan\documents\visual studio 2010\projects\calculator\calculatortest\bin\debug\calculatortest.dll" id="5bb42db4-789c-c8a8-51e0-c5096b2a3a5a">
      <Execution id="ca0419e3-f654-46d9-afc6-5c425e1fe033" />
      <TestMethod codeBase="C:/Users/Dylan/documents/visual studio 2010/Projects/Calculator/CalculatorTest/bin/Debug/CalculatorTest.DLL" adapterTypeName="Microsoft.VisualStudio.TestTools.TestTypes.Unit.UnitTestAdapter, Microsoft.VisualStudio.QualityTools.Tips.UnitTest.Adapter, Version=10.0.0.0, Culture=neutral, PublicKeyToken=b03f5f7f11d50a3a" className="CalculatorTest.AdditionTest, CalculatorTest, Version=1.0.0.0, Culture=neutral, PublicKeyToken=null" name="TestDivideMethod" />
    </UnitTest>
    <UnitTest name="TestSubtractMethod" storage="c:\users\dylan\documents\visual studio 2010\projects\calculator\calculatortest\bin\debug\calculatortest.dll" id="736197ae-2b5c-a978-1c92-279a912e8885">
      <Execution id="e74c9229-6664-452e-a62f-983d23739b74" />
      <TestMethod codeBase="C:/Users/Dylan/documents/visual studio 2010/Projects/Calculator/CalculatorTest/bin/Debug/CalculatorTest.DLL" adapterTypeName="Microsoft.VisualStudio.TestTools.TestTypes.Unit.UnitTestAdapter, Microsoft.VisualStudio.QualityTools.Tips.UnitTest.Adapter, Version=10.0.0.0, Culture=neutral, PublicKeyToken=b03f5f7f11d50a3a" className="CalculatorTest.AdditionTest, CalculatorTest, Version=1.0.0.0, Culture=neutral, PublicKeyToken=null" name="TestSubtractMethod" />
    </UnitTest>
    <UnitTest name="TestClearMethod" storage="c:\users\dylan\documents\visual studio 2010\projects\calculator\calculatortest\bin\debug\calculatortest.dll" id="acc84b98-9092-370f-6380-5ff4e31109fc">
      <Execution id="cebceb18-75af-487b-9210-72637891e046" />
      <TestMethod codeBase="C:/Users/Dylan/documents/visual studio 2010/Projects/Calculator/CalculatorTest/bin/Debug/CalculatorTest.DLL" adapterTypeName="Microsoft.VisualStudio.TestTools.TestTypes.Unit.UnitTestAdapter, Microsoft.VisualStudio.QualityTools.Tips.UnitTest.Adapter, Version=10.0.0.0, Culture=neutral, PublicKeyToken=b03f5f7f11d50a3a" className="CalculatorTest.AdditionTest, CalculatorTest, Version=1.0.0.0, Culture=neutral, PublicKeyToken=null" name="TestClearMethod" />
    </UnitTest>
  </TestDefinitions>
  <TestLists>
    <TestList name="Results Not in a List" id="8c84fa94-04c1-424b-9868-57a2d4851a1d" />
    <TestList name="All Loaded Results" id="19431567-8539-422a-85d7-44ee4e166bda" />
  </TestLists>
  <TestEntries>
    <TestEntry testId="5bb42db4-789c-c8a8-51e0-c5096b2a3a5a" executionId="ca0419e3-f654-46d9-afc6-5c425e1fe033" testListId="8c84fa94-04c1-424b-9868-57a2d4851a1d" />
    <TestEntry testId="736197ae-2b5c-a978-1c92-279a912e8885" executionId="e74c9229-6664-452e-a62f-983d23739b74" testListId="8c84fa94-04c1-424b-9868-57a2d4851a1d" />
    <TestEntry testId="acc84b98-9092-370f-6380-5ff4e31109fc" executionId="cebceb18-75af-487b-9210-72637891e046" testListId="8c84fa94-04c1-424b-9868-57a2d4851a1d" />
  </TestEntries>
  <Results>
    <UnitTestResult executionId="ca0419e3-f654-46d9-afc6-5c425e1fe033" testId="5bb42db4-789c-c8a8-51e0-c5096b2a3a5a" testName="TestDivideMethod" computerName="DYLAN-TOSH" duration="00:00:00.2250505" startTime="2012-01-31T12:32:43.1695516+00:00" endTime="2012-01-31T12:32:43.9621918+00:00" testType="13cdc9d9-ddb5-4fa4-a97d-d965ccfc6d4b" outcome="Passed" testListId="8c84fa94-04c1-424b-9868-57a2d4851a1d" relativeResultsDirectory="ca0419e3-f654-46d9-afc6-5c425e1fe033">
    </UnitTestResult>
    <UnitTestResult executionId="e74c9229-6664-452e-a62f-983d23739b74" testId="736197ae-2b5c-a978-1c92-279a912e8885" testName="TestSubtractMethod" computerName="DYLAN-TOSH" duration="00:00:00.0002370" startTime="2012-01-31T12:32:43.9691922+00:00" endTime="2012-01-31T12:32:43.9791927+00:00" testType="13cdc9d9-ddb5-4fa4-a97d-d965ccfc6d4b" outcome="Passed" testListId="8c84fa94-04c1-424b-9868-57a2d4851a1d" relativeResultsDirectory="e74c9229-6664-452e-a62f-983d23739b74">
    </UnitTestResult>
    <UnitTestResult executionId="cebceb18-75af-487b-9210-72637891e046" testId="acc84b98-9092-370f-6380-5ff4e31109fc" testName="TestClearMethod" computerName="DYLAN-TOSH" duration="00:00:00.0019308" startTime="2012-01-31T12:32:43.9841930+00:00" endTime="2012-01-31T12:32:43.9911934+00:00" testType="13cdc9d9-ddb5-4fa4-a97d-d965ccfc6d4b" outcome="Passed" testListId="8c84fa94-04c1-424b-9868-57a2d4851a1d" relativeResultsDirectory="cebceb18-75af-487b-9210-72637891e046">
    </UnitTestResult>
  </Results>
</TestRun>