<?xml version="1.0" encoding="UTF-8"?>
<TestRun id="fb94a8e5-efee-4016-8762-2aeeef8477b9" name="Dylan@DYLAN-TOSH 2012-01-31 17:32:16" runUser="Dylan-TOSH\Dylan" xmlns="http://microsoft.com/schemas/VisualStudio/TeamTest/2010">
  <TestSettings name="Default Test Settings" id="cec5b8bb-5ada-448b-89b9-1ac3577fde57">
    <Deployment runDeploymentRoot="Dylan_DYLAN-TOSH 2012-01-31 17_32_16">
      <DeploymentItem filename="C:\Users\Dylan\Documents\Visual Studio 2010\Projects\CalculatorRepo\Calculator\bin\Debug\Calculator.exe" />
    </Deployment>
    <Execution>
      <TestTypeSpecific />
      <AgentRule name="Execution Agents">
      </AgentRule>
    </Execution>
  </TestSettings>
  <Times creation="2012-01-31T17:32:16.5501560+00:00" queuing="2012-01-31T17:32:17.0011673+00:00" start="2012-01-31T17:32:17.0211674+00:00" finish="2012-01-31T17:32:17.6211682+00:00" />
  <ResultSummary outcome="Completed">
    <Counters total="2" executed="2" passed="2" error="0" failed="0" timeout="0" aborted="0" inconclusive="0" passedButRunAborted="0" notRunnable="0" notExecuted="0" disconnected="0" warning="0" completed="0" inProgress="0" pending="0" />
  </ResultSummary>
  <TestDefinitions>
    <UnitTest name="TestSubtractMethod" storage="c:\users\dylan\documents\visual studio 2010\projects\calculatorrepo\calculatortest\bin\debug\calculatortest.dll" id="f55850c3-82e2-aca8-5368-dd9badfe41ad">
      <Execution id="6a3fd741-58fd-4fef-98ef-48f8a8996c30" />
      <TestMethod codeBase="C:/Users/Dylan/Documents/Visual Studio 2010/Projects/CalculatorRepo/CalculatorTest/bin/Debug/CalculatorTest.DLL" adapterTypeName="Microsoft.VisualStudio.TestTools.TestTypes.Unit.UnitTestAdapter, Microsoft.VisualStudio.QualityTools.Tips.UnitTest.Adapter, Version=10.0.0.0, Culture=neutral, PublicKeyToken=b03f5f7f11d50a3a" className="CalculatorTest.CalcTest, CalculatorTest, Version=1.0.0.0, Culture=neutral, PublicKeyToken=null" name="TestSubtractMethod" />
    </UnitTest>
    <UnitTest name="TestDivideMethod" storage="c:\users\dylan\documents\visual studio 2010\projects\calculatorrepo\calculatortest\bin\debug\calculatortest.dll" id="3a99b09a-7642-5df7-aaf9-26c4b9868627">
      <Execution id="72a158f1-d2cd-46f9-8bdb-782cc2648474" />
      <TestMethod codeBase="C:/Users/Dylan/Documents/Visual Studio 2010/Projects/CalculatorRepo/CalculatorTest/bin/Debug/CalculatorTest.DLL" adapterTypeName="Microsoft.VisualStudio.TestTools.TestTypes.Unit.UnitTestAdapter, Microsoft.VisualStudio.QualityTools.Tips.UnitTest.Adapter, Version=10.0.0.0, Culture=neutral, PublicKeyToken=b03f5f7f11d50a3a" className="CalculatorTest.CalcTest, CalculatorTest, Version=1.0.0.0, Culture=neutral, PublicKeyToken=null" name="TestDivideMethod" />
    </UnitTest>
  </TestDefinitions>
  <TestLists>
    <TestList name="Results Not in a List" id="8c84fa94-04c1-424b-9868-57a2d4851a1d" />
    <TestList name="All Loaded Results" id="19431567-8539-422a-85d7-44ee4e166bda" />
  </TestLists>
  <TestEntries>
    <TestEntry testId="3a99b09a-7642-5df7-aaf9-26c4b9868627" executionId="72a158f1-d2cd-46f9-8bdb-782cc2648474" testListId="8c84fa94-04c1-424b-9868-57a2d4851a1d" />
    <TestEntry testId="f55850c3-82e2-aca8-5368-dd9badfe41ad" executionId="6a3fd741-58fd-4fef-98ef-48f8a8996c30" testListId="8c84fa94-04c1-424b-9868-57a2d4851a1d" />
  </TestEntries>
  <Results>
    <UnitTestResult executionId="72a158f1-d2cd-46f9-8bdb-782cc2648474" testId="3a99b09a-7642-5df7-aaf9-26c4b9868627" testName="TestDivideMethod" computerName="DYLAN-TOSH" duration="00:00:00.0366323" startTime="2012-01-31T17:32:17.0611674+00:00" endTime="2012-01-31T17:32:17.4711680+00:00" testType="13cdc9d9-ddb5-4fa4-a97d-d965ccfc6d4b" outcome="Passed" testListId="8c84fa94-04c1-424b-9868-57a2d4851a1d" relativeResultsDirectory="72a158f1-d2cd-46f9-8bdb-782cc2648474">
    </UnitTestResult>
    <UnitTestResult executionId="6a3fd741-58fd-4fef-98ef-48f8a8996c30" testId="f55850c3-82e2-aca8-5368-dd9badfe41ad" testName="TestSubtractMethod" computerName="DYLAN-TOSH" duration="00:00:00.0029821" startTime="2012-01-31T17:32:17.4911680+00:00" endTime="2012-01-31T17:32:17.5011680+00:00" testType="13cdc9d9-ddb5-4fa4-a97d-d965ccfc6d4b" outcome="Passed" testListId="8c84fa94-04c1-424b-9868-57a2d4851a1d" relativeResultsDirectory="6a3fd741-58fd-4fef-98ef-48f8a8996c30">
    </UnitTestResult>
  </Results>
</TestRun>