<?xml version="1.0" encoding="UTF-8"?>
<TestRun id="a6a81b87-f0f9-4969-ab76-9b4794b47a61" name="Dylan@DYLAN-TOSH 2012-01-31 14:00:24" runUser="Dylan-TOSH\Dylan" xmlns="http://microsoft.com/schemas/VisualStudio/TeamTest/2010">
  <TestSettings name="Local" id="e7688cbf-d5d3-4362-b9f1-00c4f0151b9f">
    <Description>These are default test settings for a local test run.</Description>
    <Deployment enabled="false" runDeploymentRoot="Dylan_DYLAN-TOSH 2012-01-31 14_00_24">
      <DeploymentItem filename="C:\Users\Dylan\documents\visual studio 2010\Projects\Calculator\Calculator\bin\Debug\Calculator.exe" />
    </Deployment>
    <Execution>
      <TestTypeSpecific />
      <AgentRule name="Execution Agents">
      </AgentRule>
    </Execution>
  </TestSettings>
  <Times creation="2012-01-31T14:00:24.1195211+00:00" queuing="2012-01-31T14:00:24.1995212+00:00" start="2012-01-31T14:00:24.2995213+00:00" finish="2012-01-31T14:00:25.0895224+00:00" />
  <ResultSummary outcome="Failed">
    <Counters total="1" executed="1" error="0" failed="1" timeout="0" aborted="0" inconclusive="0" passedButRunAborted="0" notRunnable="0" notExecuted="0" disconnected="0" warning="0" passed="0" completed="0" inProgress="0" pending="0" />
  </ResultSummary>
  <TestDefinitions>
    <UnitTest name="TestSubtractMethod" storage="c:\users\dylan\documents\visual studio 2010\projects\calculator\calculatortest\bin\debug\calculatortest.dll" id="f55850c3-82e2-aca8-5368-dd9badfe41ad">
      <Execution id="01676a24-b940-40a0-b908-4eb94bc70895" />
      <TestMethod codeBase="C:/Users/Dylan/documents/visual studio 2010/Projects/Calculator/CalculatorTest/bin/Debug/CalculatorTest.DLL" adapterTypeName="Microsoft.VisualStudio.TestTools.TestTypes.Unit.UnitTestAdapter, Microsoft.VisualStudio.QualityTools.Tips.UnitTest.Adapter, Version=10.0.0.0, Culture=neutral, PublicKeyToken=b03f5f7f11d50a3a" className="CalculatorTest.CalcTest, CalculatorTest, Version=1.0.0.0, Culture=neutral, PublicKeyToken=null" name="TestSubtractMethod" />
    </UnitTest>
  </TestDefinitions>
  <TestLists>
    <TestList name="Results Not in a List" id="8c84fa94-04c1-424b-9868-57a2d4851a1d" />
    <TestList name="All Loaded Results" id="19431567-8539-422a-85d7-44ee4e166bda" />
  </TestLists>
  <TestEntries>
    <TestEntry testId="f55850c3-82e2-aca8-5368-dd9badfe41ad" executionId="01676a24-b940-40a0-b908-4eb94bc70895" testListId="8c84fa94-04c1-424b-9868-57a2d4851a1d" />
  </TestEntries>
  <Results>
    <UnitTestResult executionId="01676a24-b940-40a0-b908-4eb94bc70895" testId="f55850c3-82e2-aca8-5368-dd9badfe41ad" testName="TestSubtractMethod" computerName="DYLAN-TOSH" duration="00:00:00.3183273" startTime="2012-01-31T14:00:24.3595214+00:00" endTime="2012-01-31T14:00:24.9595222+00:00" testType="13cdc9d9-ddb5-4fa4-a97d-d965ccfc6d4b" outcome="Failed" testListId="8c84fa94-04c1-424b-9868-57a2d4851a1d" relativeResultsDirectory="01676a24-b940-40a0-b908-4eb94bc70895">
      <Output>
        <ErrorInfo>
          <Message>Assert.AreEqual failed. Expected:&lt;15&gt;. Actual:&lt;-3&gt;. </Message>
          <StackTrace>   at CalculatorTest.CalcTest.TestSubtractMethod() in C:\Users\Dylan\documents\visual studio 2010\Projects\Calculator\CalculatorTest\CalculatorTest.cs:line 41
</StackTrace>
        </ErrorInfo>
      </Output>
    </UnitTestResult>
  </Results>
</TestRun>