<?xml version="1.0" encoding="UTF-8"?>
<TestRun id="d3106930-661a-4883-82d1-f7f01071e757" name="Dylan@DYLAN-TOSH 2012-01-31 09:47:18" runUser="Dylan-TOSH\Dylan" xmlns="http://microsoft.com/schemas/VisualStudio/TeamTest/2010">
  <TestSettings name="Local" id="e7688cbf-d5d3-4362-b9f1-00c4f0151b9f">
    <Description>These are default test settings for a local test run.</Description>
    <Deployment enabled="false" runDeploymentRoot="Dylan_DYLAN-TOSH 2012-01-31 09_47_18">
      <DeploymentItem filename="C:\Users\Dylan\documents\visual studio 2010\Projects\Calculator\Calculator\bin\Debug\Calculator.exe" />
    </Deployment>
    <Execution>
      <TestTypeSpecific />
      <AgentRule name="Execution Agents">
      </AgentRule>
    </Execution>
  </TestSettings>
  <Times creation="2012-01-31T09:47:18.5762531+00:00" queuing="2012-01-31T09:47:20.3916713+00:00" start="2012-01-31T09:47:20.5632716+00:00" finish="2012-01-31T09:47:21.4524731+00:00" />
  <ResultSummary outcome="Inconclusive">
    <Counters total="2" executed="2" error="0" failed="0" timeout="0" aborted="0" inconclusive="2" passedButRunAborted="0" notRunnable="0" notExecuted="0" disconnected="0" warning="0" passed="0" completed="0" inProgress="0" pending="0" />
    <RunInfos>
      <RunInfo computerName="DYLAN-TOSH" outcome="Warning" timestamp="2012-01-31T09:47:19.6428700+00:00">
        <Text>Deployment is currently disabled. The deployment item 'Calculator.exe' on test 'CalculatorTests.Form1Test.equals_ClickTest' was not deployed.</Text>
      </RunInfo>
    </RunInfos>
  </ResultSummary>
  <TestDefinitions>
    <UnitTest name="equals_ClickTest" storage="c:\users\dylan\documents\visual studio 2010\projects\calculator\calculatortests\bin\debug\calculatortests.dll" id="3f7ec328-12a9-5455-4a30-34a04c60e362">
      <DeploymentItems>
        <DeploymentItem filename="Calculator.exe" />
      </DeploymentItems>
      <Execution id="54cc50cd-8654-4b8a-bf06-3ad59deffa78" />
      <TestMethod codeBase="C:/Users/Dylan/documents/visual studio 2010/Projects/Calculator/CalculatorTests/bin/Debug/CalculatorTests.DLL" adapterTypeName="Microsoft.VisualStudio.TestTools.TestTypes.Unit.UnitTestAdapter, Microsoft.VisualStudio.QualityTools.Tips.UnitTest.Adapter, Version=10.0.0.0, Culture=neutral, PublicKeyToken=b03f5f7f11d50a3a" className="CalculatorTests.Form1Test, CalculatorTests, Version=1.0.0.0, Culture=neutral, PublicKeyToken=null" name="equals_ClickTest" />
    </UnitTest>
    <UnitTest name="add_ClickTest" storage="c:\users\dylan\documents\visual studio 2010\projects\calculator\calculatortests\bin\debug\calculatortests.dll" id="809b95bd-8577-0d29-5a9e-032142f45f9d">
      <DeploymentItems>
        <DeploymentItem filename="Calculator.exe" />
      </DeploymentItems>
      <Execution id="44ec1349-f1f4-4280-9028-b4317e933a16" />
      <TestMethod codeBase="C:/Users/Dylan/documents/visual studio 2010/Projects/Calculator/CalculatorTests/bin/Debug/CalculatorTests.DLL" adapterTypeName="Microsoft.VisualStudio.TestTools.TestTypes.Unit.UnitTestAdapter, Microsoft.VisualStudio.QualityTools.Tips.UnitTest.Adapter, Version=10.0.0.0, Culture=neutral, PublicKeyToken=b03f5f7f11d50a3a" className="CalculatorTests.Form1Test, CalculatorTests, Version=1.0.0.0, Culture=neutral, PublicKeyToken=null" name="add_ClickTest" />
    </UnitTest>
  </TestDefinitions>
  <TestLists>
    <TestList name="Results Not in a List" id="8c84fa94-04c1-424b-9868-57a2d4851a1d" />
    <TestList name="All Loaded Results" id="19431567-8539-422a-85d7-44ee4e166bda" />
  </TestLists>
  <TestEntries>
    <TestEntry testId="3f7ec328-12a9-5455-4a30-34a04c60e362" executionId="54cc50cd-8654-4b8a-bf06-3ad59deffa78" testListId="8c84fa94-04c1-424b-9868-57a2d4851a1d" />
    <TestEntry testId="809b95bd-8577-0d29-5a9e-032142f45f9d" executionId="44ec1349-f1f4-4280-9028-b4317e933a16" testListId="8c84fa94-04c1-424b-9868-57a2d4851a1d" />
  </TestEntries>
  <Results>
    <UnitTestResult executionId="54cc50cd-8654-4b8a-bf06-3ad59deffa78" testId="3f7ec328-12a9-5455-4a30-34a04c60e362" testName="equals_ClickTest" computerName="DYLAN-TOSH" duration="00:00:00.1325282" startTime="2012-01-31T09:47:20.6256717+00:00" endTime="2012-01-31T09:47:21.3900730+00:00" testType="13cdc9d9-ddb5-4fa4-a97d-d965ccfc6d4b" outcome="Inconclusive" testListId="8c84fa94-04c1-424b-9868-57a2d4851a1d" relativeResultsDirectory="54cc50cd-8654-4b8a-bf06-3ad59deffa78">
      <Output>
        <ErrorInfo>
          <Message>Assert.Inconclusive failed. A method that does not return a value cannot be verified.</Message>
          <StackTrace>   at CalculatorTests.Form1Test.equals_ClickTest() in C:\Users\Dylan\documents\visual studio 2010\Projects\Calculator\CalculatorTests\Form1Test.cs:line 73
</StackTrace>
        </ErrorInfo>
      </Output>
    </UnitTestResult>
    <UnitTestResult executionId="44ec1349-f1f4-4280-9028-b4317e933a16" testId="809b95bd-8577-0d29-5a9e-032142f45f9d" testName="add_ClickTest" computerName="DYLAN-TOSH" duration="00:00:00.0041733" startTime="2012-01-31T09:47:21.4056730+00:00" endTime="2012-01-31T09:47:21.4212731+00:00" testType="13cdc9d9-ddb5-4fa4-a97d-d965ccfc6d4b" outcome="Inconclusive" testListId="8c84fa94-04c1-424b-9868-57a2d4851a1d" relativeResultsDirectory="44ec1349-f1f4-4280-9028-b4317e933a16">
      <Output>
        <ErrorInfo>
          <Message>Assert.Inconclusive failed. A method that does not return a value cannot be verified.</Message>
          <StackTrace>   at CalculatorTests.Form1Test.add_ClickTest() in C:\Users\Dylan\documents\visual studio 2010\Projects\Calculator\CalculatorTests\Form1Test.cs:line 59
</StackTrace>
        </ErrorInfo>
      </Output>
    </UnitTestResult>
  </Results>
</TestRun>