<?xml version="1.0" encoding="UTF-8"?>
<TestRun id="88a26be7-770b-48fd-976f-4630b7ab65ee" name="Dylan@DYLAN-TOSH 2012-02-01 09:46:44" runUser="Dylan-TOSH\Dylan" xmlns="http://microsoft.com/schemas/VisualStudio/TeamTest/2010">
  <TestSettings name="Default Test Settings" id="d34026ac-a535-4597-8fab-66eeba6f2fd3">
    <Deployment runDeploymentRoot="Dylan_DYLAN-TOSH 2012-02-01 09_46_44">
      <DeploymentItem filename="C:\Users\Dylan\Documents\Visual Studio 2010\Projects\CalculatorRepo\Calculator\bin\Debug\Calculator.exe" />
    </Deployment>
    <Execution>
      <TestTypeSpecific />
      <AgentRule name="Execution Agents">
      </AgentRule>
    </Execution>
  </TestSettings>
  <Times creation="2012-02-01T09:46:44.8575856+00:00" queuing="2012-02-01T09:46:45.1071860+00:00" start="2012-02-01T09:46:45.1383861+00:00" finish="2012-02-01T09:46:45.5595868+00:00" />
  <ResultSummary outcome="Completed">
    <Counters total="1" executed="1" passed="1" error="0" failed="0" timeout="0" aborted="0" inconclusive="0" passedButRunAborted="0" notRunnable="0" notExecuted="0" disconnected="0" warning="0" completed="0" inProgress="0" pending="0" />
  </ResultSummary>
  <TestDefinitions>
    <UnitTest name="TestAdditionMethod" storage="c:\users\dylan\documents\visual studio 2010\projects\calculatorrepo\calculatortest\bin\debug\calculatortest.dll" id="372d0f80-80d9-771c-d909-9df1d51ccd5e">
      <Execution id="419ffe3c-700a-49b4-afc9-fd7635879e40" />
      <TestMethod codeBase="C:/Users/Dylan/Documents/Visual Studio 2010/Projects/CalculatorRepo/CalculatorTest/bin/Debug/CalculatorTest.DLL" adapterTypeName="Microsoft.VisualStudio.TestTools.TestTypes.Unit.UnitTestAdapter, Microsoft.VisualStudio.QualityTools.Tips.UnitTest.Adapter, Version=10.0.0.0, Culture=neutral, PublicKeyToken=b03f5f7f11d50a3a" className="CalculatorTest.CalcTest, CalculatorTest, Version=1.0.0.0, Culture=neutral, PublicKeyToken=null" name="TestAdditionMethod" />
    </UnitTest>
  </TestDefinitions>
  <TestLists>
    <TestList name="Results Not in a List" id="8c84fa94-04c1-424b-9868-57a2d4851a1d" />
    <TestList name="All Loaded Results" id="19431567-8539-422a-85d7-44ee4e166bda" />
  </TestLists>
  <TestEntries>
    <TestEntry testId="372d0f80-80d9-771c-d909-9df1d51ccd5e" executionId="419ffe3c-700a-49b4-afc9-fd7635879e40" testListId="8c84fa94-04c1-424b-9868-57a2d4851a1d" />
  </TestEntries>
  <Results>
    <UnitTestResult executionId="419ffe3c-700a-49b4-afc9-fd7635879e40" testId="372d0f80-80d9-771c-d909-9df1d51ccd5e" testName="TestAdditionMethod" computerName="DYLAN-TOSH" duration="00:00:00.0367622" startTime="2012-02-01T09:46:45.1695861+00:00" endTime="2012-02-01T09:46:45.5283868+00:00" testType="13cdc9d9-ddb5-4fa4-a97d-d965ccfc6d4b" outcome="Passed" testListId="8c84fa94-04c1-424b-9868-57a2d4851a1d" relativeResultsDirectory="419ffe3c-700a-49b4-afc9-fd7635879e40">
    </UnitTestResult>
  </Results>
</TestRun>