<?xml version="1.0" encoding="UTF-8"?>
<TestRun id="e3c08678-0c58-40f4-b0cc-692f4d534c63" name="Dylan@DYLAN-TOSH 2012-01-31 12:34:59" runUser="Dylan-TOSH\Dylan" xmlns="http://microsoft.com/schemas/VisualStudio/TeamTest/2010">
  <TestSettings name="Local" id="e7688cbf-d5d3-4362-b9f1-00c4f0151b9f">
    <Description>These are default test settings for a local test run.</Description>
    <Deployment enabled="false" runDeploymentRoot="Dylan_DYLAN-TOSH 2012-01-31 12_34_59">
      <DeploymentItem filename="C:\Users\Dylan\documents\visual studio 2010\Projects\Calculator\Calculator\bin\Debug\Calculator.exe" />
    </Deployment>
    <Execution>
      <TestTypeSpecific />
      <AgentRule name="Execution Agents">
      </AgentRule>
    </Execution>
  </TestSettings>
  <Times creation="2012-01-31T12:34:59.6891114+00:00" queuing="2012-01-31T12:35:01.0059842+00:00" start="2012-01-31T12:35:01.1019897+00:00" finish="2012-01-31T12:35:02.7188752+00:00" />
  <ResultSummary outcome="Completed">
    <Counters total="1" executed="1" passed="1" error="0" failed="0" timeout="0" aborted="0" inconclusive="0" passedButRunAborted="0" notRunnable="0" notExecuted="0" disconnected="0" warning="0" completed="0" inProgress="0" pending="0" />
  </ResultSummary>
  <TestDefinitions>
    <UnitTest name="TestSubtractMethod" storage="c:\users\dylan\documents\visual studio 2010\projects\calculator\calculatortest\bin\debug\calculatortest.dll" id="736197ae-2b5c-a978-1c92-279a912e8885">
      <Execution id="c9d580c5-c3b4-4645-868f-a96520634556" />
      <TestMethod codeBase="C:/Users/Dylan/documents/visual studio 2010/Projects/Calculator/CalculatorTest/bin/Debug/CalculatorTest.DLL" adapterTypeName="Microsoft.VisualStudio.TestTools.TestTypes.Unit.UnitTestAdapter, Microsoft.VisualStudio.QualityTools.Tips.UnitTest.Adapter, Version=10.0.0.0, Culture=neutral, PublicKeyToken=b03f5f7f11d50a3a" className="CalculatorTest.AdditionTest, CalculatorTest, Version=1.0.0.0, Culture=neutral, PublicKeyToken=null" name="TestSubtractMethod" />
    </UnitTest>
  </TestDefinitions>
  <TestLists>
    <TestList name="Results Not in a List" id="8c84fa94-04c1-424b-9868-57a2d4851a1d" />
    <TestList name="All Loaded Results" id="19431567-8539-422a-85d7-44ee4e166bda" />
  </TestLists>
  <TestEntries>
    <TestEntry testId="736197ae-2b5c-a978-1c92-279a912e8885" executionId="c9d580c5-c3b4-4645-868f-a96520634556" testListId="8c84fa94-04c1-424b-9868-57a2d4851a1d" />
  </TestEntries>
  <Results>
    <UnitTestResult executionId="c9d580c5-c3b4-4645-868f-a96520634556" testId="736197ae-2b5c-a978-1c92-279a912e8885" testName="TestSubtractMethod" computerName="DYLAN-TOSH" duration="00:00:00.1036906" startTime="2012-01-31T12:35:01.1659933+00:00" endTime="2012-01-31T12:35:02.3860588+00:00" testType="13cdc9d9-ddb5-4fa4-a97d-d965ccfc6d4b" outcome="Passed" testListId="8c84fa94-04c1-424b-9868-57a2d4851a1d" relativeResultsDirectory="c9d580c5-c3b4-4645-868f-a96520634556">
    </UnitTestResult>
  </Results>
</TestRun>